10:15:00 INFO  : Registering command handlers for SDK TCF services
10:15:01 INFO  : Launching XSCT server: xsct.bat -interactive E:\hw_des_II\item3\item3.sdk\temp_xsdb_launch_script.tcl
10:15:04 INFO  : XSCT server has started successfully.
10:15:04 INFO  : Successfully done setting XSCT server connection channel  
10:15:08 INFO  : Successfully done setting SDK workspace  
10:15:08 INFO  : Processing command line option -hwspec E:/hw_des_II/item3/item3.sdk/item3_wrapper.hdf.
10:22:10 INFO  : Connected to target on host '127.0.0.1' and port '3121'.
10:22:10 INFO  : 'targets -set -filter {jtag_cable_name =~ "Digilent Zed 210248AA3BB1" && level==0} -index 1' command is executed.
10:22:13 INFO  : FPGA configured successfully with bitstream "E:/hw_des_II/item3/item3.sdk/item3_wrapper_hw_platform_0/item3_wrapper.bit"
10:22:23 INFO  : 'targets -set -filter {jtag_cable_name =~ "Digilent Zed 210248AA3BB1" && level==0} -index 1' command is executed.
10:22:23 INFO  : 'fpga -state' command is executed.
10:22:23 INFO  : Connected to target on host '127.0.0.1' and port '3121'.
10:22:23 INFO  : Jtag cable 'Digilent Zed 210248AA3BB1' is selected.
10:22:23 INFO  : 'jtag frequency' command is executed.
10:22:23 INFO  : Sourcing of 'E:/hw_des_II/item3/item3.sdk/item3_wrapper_hw_platform_0/ps7_init.tcl' is done.
10:22:23 INFO  : Context for 'APU' is selected.
10:22:23 INFO  : Hardware design information is loaded from 'E:/hw_des_II/item3/item3.sdk/item3_wrapper_hw_platform_0/system.hdf'.
10:22:23 INFO  : 'configparams force-mem-access 1' command is executed.
10:22:23 INFO  : Context for 'APU' is selected.
10:22:23 INFO  : 'stop' command is executed.
10:22:23 INFO  : 'ps7_init' command is executed.
10:22:23 INFO  : 'ps7_post_config' command is executed.
10:22:23 INFO  : Context for processor 'ps7_cortexa9_0' is selected.
10:22:23 INFO  : Processor reset is completed for 'ps7_cortexa9_0'.
10:22:23 INFO  : Context for processor 'ps7_cortexa9_0' is selected.
10:22:24 INFO  : The application 'E:/hw_des_II/item3/item3.sdk/item3/Debug/item3.elf' is downloaded to processor 'ps7_cortexa9_0'.
10:22:24 INFO  : 'configparams force-mem-access 0' command is executed.
10:22:24 INFO  : ----------------XSDB Script----------------
connect -url tcp:127.0.0.1:3121
source E:/hw_des_II/item3/item3.sdk/item3_wrapper_hw_platform_0/ps7_init.tcl
targets -set -nocase -filter {name =~"APU*" && jtag_cable_name =~ "Digilent Zed 210248AA3BB1"} -index 0
loadhw -hw E:/hw_des_II/item3/item3.sdk/item3_wrapper_hw_platform_0/system.hdf -mem-ranges [list {0x40000000 0xbfffffff}]
configparams force-mem-access 1
targets -set -nocase -filter {name =~"APU*" && jtag_cable_name =~ "Digilent Zed 210248AA3BB1"} -index 0
stop
ps7_init
ps7_post_config
targets -set -nocase -filter {name =~ "ARM*#0" && jtag_cable_name =~ "Digilent Zed 210248AA3BB1"} -index 0
rst -processor
targets -set -nocase -filter {name =~ "ARM*#0" && jtag_cable_name =~ "Digilent Zed 210248AA3BB1"} -index 0
dow E:/hw_des_II/item3/item3.sdk/item3/Debug/item3.elf
configparams force-mem-access 0
----------------End of Script----------------

10:22:24 INFO  : Memory regions updated for context APU
10:22:24 INFO  : Context for processor 'ps7_cortexa9_0' is selected.
10:22:24 INFO  : 'con' command is executed.
10:22:24 INFO  : ----------------XSDB Script (After Launch)----------------
targets -set -nocase -filter {name =~ "ARM*#0" && jtag_cable_name =~ "Digilent Zed 210248AA3BB1"} -index 0
con
----------------End of Script----------------

10:22:24 INFO  : Launch script is exported to file 'E:\hw_des_II\item3\item3.sdk\.sdk\launch_scripts\xilinx_c-c++_application_(system_debugger)\system_debugger_using_debug_item3.elf_on_local.tcl'
10:22:44 INFO  : Disconnected from the channel tcfchan#1.
15:26:50 INFO  : Registering command handlers for SDK TCF services
15:26:51 INFO  : Launching XSCT server: xsct.bat -interactive E:\hw_des_II\item3\item3.sdk\temp_xsdb_launch_script.tcl
15:26:55 INFO  : XSCT server has started successfully.
15:26:55 INFO  : Successfully done setting XSCT server connection channel  
15:26:56 INFO  : Successfully done setting SDK workspace  
15:26:56 INFO  : Processing command line option -hwspec E:/hw_des_II/item3/item3.sdk/item3_wrapper.hdf.
15:26:56 INFO  : Checking for hwspec changes in the project item3_wrapper_hw_platform_0.
15:49:07 INFO  : Connected to target on host '127.0.0.1' and port '3121'.
15:49:08 INFO  : 'targets -set -filter {jtag_cable_name =~ "Digilent Zed 210248AA3BB1" && level==0} -index 1' command is executed.
15:49:11 INFO  : FPGA configured successfully with bitstream "E:/hw_des_II/item3/item3.sdk/item3_wrapper_hw_platform_0/item3_wrapper.bit"
15:49:16 INFO  : 'targets -set -filter {jtag_cable_name =~ "Digilent Zed 210248AA3BB1" && level==0} -index 1' command is executed.
15:49:16 INFO  : 'fpga -state' command is executed.
15:49:16 INFO  : Connected to target on host '127.0.0.1' and port '3121'.
15:49:17 INFO  : Jtag cable 'Digilent Zed 210248AA3BB1' is selected.
15:49:17 INFO  : 'jtag frequency' command is executed.
15:49:17 INFO  : Sourcing of 'E:/hw_des_II/item3/item3.sdk/item3_wrapper_hw_platform_0/ps7_init.tcl' is done.
15:49:17 INFO  : Context for 'APU' is selected.
15:49:17 INFO  : Hardware design information is loaded from 'E:/hw_des_II/item3/item3.sdk/item3_wrapper_hw_platform_0/system.hdf'.
15:49:17 INFO  : 'configparams force-mem-access 1' command is executed.
15:49:17 INFO  : Context for 'APU' is selected.
15:49:17 INFO  : 'stop' command is executed.
15:49:18 INFO  : 'ps7_init' command is executed.
15:49:18 INFO  : 'ps7_post_config' command is executed.
15:49:19 INFO  : Context for processor 'ps7_cortexa9_0' is selected.
15:49:19 INFO  : Processor reset is completed for 'ps7_cortexa9_0'.
15:49:19 INFO  : Context for processor 'ps7_cortexa9_0' is selected.
15:49:19 INFO  : The application 'E:/hw_des_II/item3/item3.sdk/item3/Debug/item3.elf' is downloaded to processor 'ps7_cortexa9_0'.
15:49:19 INFO  : 'configparams force-mem-access 0' command is executed.
15:49:19 INFO  : ----------------XSDB Script----------------
connect -url tcp:127.0.0.1:3121
source E:/hw_des_II/item3/item3.sdk/item3_wrapper_hw_platform_0/ps7_init.tcl
targets -set -nocase -filter {name =~"APU*" && jtag_cable_name =~ "Digilent Zed 210248AA3BB1"} -index 0
loadhw -hw E:/hw_des_II/item3/item3.sdk/item3_wrapper_hw_platform_0/system.hdf -mem-ranges [list {0x40000000 0xbfffffff}]
configparams force-mem-access 1
targets -set -nocase -filter {name =~"APU*" && jtag_cable_name =~ "Digilent Zed 210248AA3BB1"} -index 0
stop
ps7_init
ps7_post_config
targets -set -nocase -filter {name =~ "ARM*#0" && jtag_cable_name =~ "Digilent Zed 210248AA3BB1"} -index 0
rst -processor
targets -set -nocase -filter {name =~ "ARM*#0" && jtag_cable_name =~ "Digilent Zed 210248AA3BB1"} -index 0
dow E:/hw_des_II/item3/item3.sdk/item3/Debug/item3.elf
configparams force-mem-access 0
----------------End of Script----------------

15:49:19 INFO  : Memory regions updated for context APU
15:49:19 INFO  : Context for processor 'ps7_cortexa9_0' is selected.
15:49:19 INFO  : 'con' command is executed.
15:49:19 INFO  : ----------------XSDB Script (After Launch)----------------
targets -set -nocase -filter {name =~ "ARM*#0" && jtag_cable_name =~ "Digilent Zed 210248AA3BB1"} -index 0
con
----------------End of Script----------------

15:49:19 INFO  : Launch script is exported to file 'E:\hw_des_II\item3\item3.sdk\.sdk\launch_scripts\xilinx_c-c++_application_(system_debugger)\system_debugger_using_debug_item3.elf_on_local.tcl'
15:50:53 INFO  : Disconnected from the channel tcfchan#1.
16:21:22 INFO  : Registering command handlers for SDK TCF services
16:21:23 INFO  : Launching XSCT server: xsct.bat -interactive E:\hw_des_II\item3\item3.sdk\temp_xsdb_launch_script.tcl
16:21:28 INFO  : XSCT server has started successfully.
16:21:28 INFO  : Successfully done setting XSCT server connection channel  
16:21:28 INFO  : Successfully done setting SDK workspace  
16:21:28 INFO  : Processing command line option -hwspec E:/hw_des_II/item3/item3.sdk/item3_wrapper.hdf.
16:21:28 INFO  : Checking for hwspec changes in the project item3_wrapper_hw_platform_0.
16:42:31 INFO  : 'targets -set -filter {jtag_cable_name =~ "Digilent Zed 210248AA3BB1" && level==0} -index 1' command is executed.
16:42:31 INFO  : 'fpga -state' command is executed.
16:42:31 INFO  : Connected to target on host '127.0.0.1' and port '3121'.
16:42:32 INFO  : Jtag cable 'Digilent Zed 210248AA3BB1' is selected.
16:42:32 INFO  : 'jtag frequency' command is executed.
16:42:32 INFO  : Sourcing of 'E:/hw_des_II/item3/item3.sdk/item3_wrapper_hw_platform_0/ps7_init.tcl' is done.
16:42:32 INFO  : Context for 'APU' is selected.
16:42:32 INFO  : Hardware design information is loaded from 'E:/hw_des_II/item3/item3.sdk/item3_wrapper_hw_platform_0/system.hdf'.
16:42:32 INFO  : 'configparams force-mem-access 1' command is executed.
16:42:32 INFO  : Context for 'APU' is selected.
16:42:32 INFO  : 'stop' command is executed.
16:42:34 INFO  : 'ps7_init' command is executed.
16:42:34 INFO  : 'ps7_post_config' command is executed.
16:42:34 INFO  : Context for processor 'ps7_cortexa9_0' is selected.
16:42:34 INFO  : Processor reset is completed for 'ps7_cortexa9_0'.
16:42:34 INFO  : Context for processor 'ps7_cortexa9_0' is selected.
16:42:34 INFO  : The application 'E:/hw_des_II/item3/item3.sdk/item3/Debug/item3.elf' is downloaded to processor 'ps7_cortexa9_0'.
16:42:34 INFO  : 'configparams force-mem-access 0' command is executed.
16:42:34 INFO  : ----------------XSDB Script----------------
connect -url tcp:127.0.0.1:3121
source E:/hw_des_II/item3/item3.sdk/item3_wrapper_hw_platform_0/ps7_init.tcl
targets -set -nocase -filter {name =~"APU*" && jtag_cable_name =~ "Digilent Zed 210248AA3BB1"} -index 0
loadhw -hw E:/hw_des_II/item3/item3.sdk/item3_wrapper_hw_platform_0/system.hdf -mem-ranges [list {0x40000000 0xbfffffff}]
configparams force-mem-access 1
targets -set -nocase -filter {name =~"APU*" && jtag_cable_name =~ "Digilent Zed 210248AA3BB1"} -index 0
stop
ps7_init
ps7_post_config
targets -set -nocase -filter {name =~ "ARM*#0" && jtag_cable_name =~ "Digilent Zed 210248AA3BB1"} -index 0
rst -processor
targets -set -nocase -filter {name =~ "ARM*#0" && jtag_cable_name =~ "Digilent Zed 210248AA3BB1"} -index 0
dow E:/hw_des_II/item3/item3.sdk/item3/Debug/item3.elf
configparams force-mem-access 0
----------------End of Script----------------

16:42:35 INFO  : Memory regions updated for context APU
16:42:35 INFO  : Context for processor 'ps7_cortexa9_0' is selected.
16:42:35 INFO  : 'con' command is executed.
16:42:35 INFO  : ----------------XSDB Script (After Launch)----------------
targets -set -nocase -filter {name =~ "ARM*#0" && jtag_cable_name =~ "Digilent Zed 210248AA3BB1"} -index 0
con
----------------End of Script----------------

16:42:35 INFO  : Launch script is exported to file 'E:\hw_des_II\item3\item3.sdk\.sdk\launch_scripts\xilinx_c-c++_application_(system_debugger)\system_debugger_using_debug_item3.elf_on_local.tcl'
16:48:04 INFO  : Disconnected from the channel tcfchan#1.
16:48:06 INFO  : 'targets -set -filter {jtag_cable_name =~ "Digilent Zed 210248AA3BB1" && level==0} -index 1' command is executed.
16:48:06 INFO  : 'fpga -state' command is executed.
16:48:06 INFO  : Connected to target on host '127.0.0.1' and port '3121'.
16:48:06 INFO  : Jtag cable 'Digilent Zed 210248AA3BB1' is selected.
16:48:06 INFO  : 'jtag frequency' command is executed.
16:48:06 INFO  : Sourcing of 'E:/hw_des_II/item3/item3.sdk/item3_wrapper_hw_platform_0/ps7_init.tcl' is done.
16:48:06 INFO  : Context for 'APU' is selected.
16:48:11 INFO  : Hardware design information is loaded from 'E:/hw_des_II/item3/item3.sdk/item3_wrapper_hw_platform_0/system.hdf'.
16:48:11 INFO  : 'configparams force-mem-access 1' command is executed.
16:48:11 INFO  : Context for 'APU' is selected.
16:48:11 INFO  : 'stop' command is executed.
16:48:13 INFO  : 'ps7_init' command is executed.
16:48:13 INFO  : 'ps7_post_config' command is executed.
16:48:13 INFO  : Context for processor 'ps7_cortexa9_0' is selected.
16:48:13 INFO  : Processor reset is completed for 'ps7_cortexa9_0'.
16:48:13 INFO  : Context for processor 'ps7_cortexa9_0' is selected.
16:48:13 INFO  : The application 'E:/hw_des_II/item3/item3.sdk/item3/Debug/item3.elf' is downloaded to processor 'ps7_cortexa9_0'.
16:48:13 INFO  : 'configparams force-mem-access 0' command is executed.
16:48:13 INFO  : ----------------XSDB Script----------------
connect -url tcp:127.0.0.1:3121
source E:/hw_des_II/item3/item3.sdk/item3_wrapper_hw_platform_0/ps7_init.tcl
targets -set -nocase -filter {name =~"APU*" && jtag_cable_name =~ "Digilent Zed 210248AA3BB1"} -index 0
loadhw -hw E:/hw_des_II/item3/item3.sdk/item3_wrapper_hw_platform_0/system.hdf -mem-ranges [list {0x40000000 0xbfffffff}]
configparams force-mem-access 1
targets -set -nocase -filter {name =~"APU*" && jtag_cable_name =~ "Digilent Zed 210248AA3BB1"} -index 0
stop
ps7_init
ps7_post_config
targets -set -nocase -filter {name =~ "ARM*#0" && jtag_cable_name =~ "Digilent Zed 210248AA3BB1"} -index 0
rst -processor
targets -set -nocase -filter {name =~ "ARM*#0" && jtag_cable_name =~ "Digilent Zed 210248AA3BB1"} -index 0
dow E:/hw_des_II/item3/item3.sdk/item3/Debug/item3.elf
configparams force-mem-access 0
----------------End of Script----------------

16:48:13 INFO  : Memory regions updated for context APU
16:48:14 INFO  : Context for processor 'ps7_cortexa9_0' is selected.
16:48:14 INFO  : 'con' command is executed.
16:48:14 INFO  : ----------------XSDB Script (After Launch)----------------
targets -set -nocase -filter {name =~ "ARM*#0" && jtag_cable_name =~ "Digilent Zed 210248AA3BB1"} -index 0
con
----------------End of Script----------------

16:48:14 INFO  : Launch script is exported to file 'E:\hw_des_II\item3\item3.sdk\.sdk\launch_scripts\xilinx_c-c++_application_(system_debugger)\system_debugger_using_debug_item3.elf_on_local.tcl'
16:49:53 INFO  : Disconnected from the channel tcfchan#2.
16:49:54 INFO  : 'targets -set -filter {jtag_cable_name =~ "Digilent Zed 210248AA3BB1" && level==0} -index 1' command is executed.
16:49:54 INFO  : 'fpga -state' command is executed.
16:49:54 INFO  : Connected to target on host '127.0.0.1' and port '3121'.
16:49:54 INFO  : Jtag cable 'Digilent Zed 210248AA3BB1' is selected.
16:49:54 INFO  : 'jtag frequency' command is executed.
16:49:55 INFO  : Sourcing of 'E:/hw_des_II/item3/item3.sdk/item3_wrapper_hw_platform_0/ps7_init.tcl' is done.
16:49:55 INFO  : Context for 'APU' is selected.
16:49:59 INFO  : Hardware design information is loaded from 'E:/hw_des_II/item3/item3.sdk/item3_wrapper_hw_platform_0/system.hdf'.
16:49:59 INFO  : 'configparams force-mem-access 1' command is executed.
16:49:59 INFO  : Context for 'APU' is selected.
16:49:59 INFO  : 'stop' command is executed.
16:50:00 INFO  : 'ps7_init' command is executed.
16:50:01 INFO  : 'ps7_post_config' command is executed.
16:50:01 INFO  : Context for processor 'ps7_cortexa9_0' is selected.
16:50:01 INFO  : Processor reset is completed for 'ps7_cortexa9_0'.
16:50:01 INFO  : Context for processor 'ps7_cortexa9_0' is selected.
16:50:01 INFO  : The application 'E:/hw_des_II/item3/item3.sdk/item3/Debug/item3.elf' is downloaded to processor 'ps7_cortexa9_0'.
16:50:01 INFO  : 'configparams force-mem-access 0' command is executed.
16:50:01 INFO  : ----------------XSDB Script----------------
connect -url tcp:127.0.0.1:3121
source E:/hw_des_II/item3/item3.sdk/item3_wrapper_hw_platform_0/ps7_init.tcl
targets -set -nocase -filter {name =~"APU*" && jtag_cable_name =~ "Digilent Zed 210248AA3BB1"} -index 0
loadhw -hw E:/hw_des_II/item3/item3.sdk/item3_wrapper_hw_platform_0/system.hdf -mem-ranges [list {0x40000000 0xbfffffff}]
configparams force-mem-access 1
targets -set -nocase -filter {name =~"APU*" && jtag_cable_name =~ "Digilent Zed 210248AA3BB1"} -index 0
stop
ps7_init
ps7_post_config
targets -set -nocase -filter {name =~ "ARM*#0" && jtag_cable_name =~ "Digilent Zed 210248AA3BB1"} -index 0
rst -processor
targets -set -nocase -filter {name =~ "ARM*#0" && jtag_cable_name =~ "Digilent Zed 210248AA3BB1"} -index 0
dow E:/hw_des_II/item3/item3.sdk/item3/Debug/item3.elf
configparams force-mem-access 0
----------------End of Script----------------

16:50:01 INFO  : Memory regions updated for context APU
16:50:01 INFO  : Context for processor 'ps7_cortexa9_0' is selected.
16:50:02 INFO  : 'con' command is executed.
16:50:02 INFO  : ----------------XSDB Script (After Launch)----------------
targets -set -nocase -filter {name =~ "ARM*#0" && jtag_cable_name =~ "Digilent Zed 210248AA3BB1"} -index 0
con
----------------End of Script----------------

16:50:02 INFO  : Launch script is exported to file 'E:\hw_des_II\item3\item3.sdk\.sdk\launch_scripts\xilinx_c-c++_application_(system_debugger)\system_debugger_using_debug_item3.elf_on_local.tcl'
16:51:26 INFO  : Disconnected from the channel tcfchan#3.
16:51:27 INFO  : 'targets -set -filter {jtag_cable_name =~ "Digilent Zed 210248AA3BB1" && level==0} -index 1' command is executed.
16:51:27 INFO  : 'fpga -state' command is executed.
16:51:27 INFO  : Connected to target on host '127.0.0.1' and port '3121'.
16:51:28 INFO  : Jtag cable 'Digilent Zed 210248AA3BB1' is selected.
16:51:28 INFO  : 'jtag frequency' command is executed.
16:51:28 INFO  : Sourcing of 'E:/hw_des_II/item3/item3.sdk/item3_wrapper_hw_platform_0/ps7_init.tcl' is done.
16:51:28 INFO  : Context for 'APU' is selected.
16:51:32 INFO  : Hardware design information is loaded from 'E:/hw_des_II/item3/item3.sdk/item3_wrapper_hw_platform_0/system.hdf'.
16:51:32 INFO  : 'configparams force-mem-access 1' command is executed.
16:51:32 INFO  : Context for 'APU' is selected.
16:51:32 INFO  : 'stop' command is executed.
16:51:33 INFO  : 'ps7_init' command is executed.
16:51:33 INFO  : 'ps7_post_config' command is executed.
16:51:33 INFO  : Context for processor 'ps7_cortexa9_0' is selected.
16:51:33 INFO  : Processor reset is completed for 'ps7_cortexa9_0'.
16:51:33 INFO  : Context for processor 'ps7_cortexa9_0' is selected.
16:51:34 INFO  : The application 'E:/hw_des_II/item3/item3.sdk/item3/Debug/item3.elf' is downloaded to processor 'ps7_cortexa9_0'.
16:51:34 INFO  : 'configparams force-mem-access 0' command is executed.
16:51:34 INFO  : ----------------XSDB Script----------------
connect -url tcp:127.0.0.1:3121
source E:/hw_des_II/item3/item3.sdk/item3_wrapper_hw_platform_0/ps7_init.tcl
targets -set -nocase -filter {name =~"APU*" && jtag_cable_name =~ "Digilent Zed 210248AA3BB1"} -index 0
loadhw -hw E:/hw_des_II/item3/item3.sdk/item3_wrapper_hw_platform_0/system.hdf -mem-ranges [list {0x40000000 0xbfffffff}]
configparams force-mem-access 1
targets -set -nocase -filter {name =~"APU*" && jtag_cable_name =~ "Digilent Zed 210248AA3BB1"} -index 0
stop
ps7_init
ps7_post_config
targets -set -nocase -filter {name =~ "ARM*#0" && jtag_cable_name =~ "Digilent Zed 210248AA3BB1"} -index 0
rst -processor
targets -set -nocase -filter {name =~ "ARM*#0" && jtag_cable_name =~ "Digilent Zed 210248AA3BB1"} -index 0
dow E:/hw_des_II/item3/item3.sdk/item3/Debug/item3.elf
configparams force-mem-access 0
----------------End of Script----------------

16:51:34 INFO  : Memory regions updated for context APU
16:51:34 INFO  : Context for processor 'ps7_cortexa9_0' is selected.
16:51:34 INFO  : 'con' command is executed.
16:51:34 INFO  : ----------------XSDB Script (After Launch)----------------
targets -set -nocase -filter {name =~ "ARM*#0" && jtag_cable_name =~ "Digilent Zed 210248AA3BB1"} -index 0
con
----------------End of Script----------------

16:51:34 INFO  : Launch script is exported to file 'E:\hw_des_II\item3\item3.sdk\.sdk\launch_scripts\xilinx_c-c++_application_(system_debugger)\system_debugger_using_debug_item3.elf_on_local.tcl'
17:00:28 INFO  : Disconnected from the channel tcfchan#4.
17:00:29 INFO  : 'targets -set -filter {jtag_cable_name =~ "Digilent Zed 210248AA3BB1" && level==0} -index 1' command is executed.
17:00:29 INFO  : 'fpga -state' command is executed.
17:00:29 INFO  : Connected to target on host '127.0.0.1' and port '3121'.
17:00:30 INFO  : Jtag cable 'Digilent Zed 210248AA3BB1' is selected.
17:00:30 INFO  : 'jtag frequency' command is executed.
17:00:30 INFO  : Sourcing of 'E:/hw_des_II/item3/item3.sdk/item3_wrapper_hw_platform_0/ps7_init.tcl' is done.
17:00:30 INFO  : Context for 'APU' is selected.
17:00:34 INFO  : Hardware design information is loaded from 'E:/hw_des_II/item3/item3.sdk/item3_wrapper_hw_platform_0/system.hdf'.
17:00:34 INFO  : 'configparams force-mem-access 1' command is executed.
17:00:34 INFO  : Context for 'APU' is selected.
17:00:34 INFO  : 'stop' command is executed.
17:00:35 INFO  : 'ps7_init' command is executed.
17:00:36 INFO  : 'ps7_post_config' command is executed.
17:00:36 INFO  : Context for processor 'ps7_cortexa9_0' is selected.
17:00:36 INFO  : Processor reset is completed for 'ps7_cortexa9_0'.
17:00:36 INFO  : Context for processor 'ps7_cortexa9_0' is selected.
17:00:36 INFO  : The application 'E:/hw_des_II/item3/item3.sdk/item3/Debug/item3.elf' is downloaded to processor 'ps7_cortexa9_0'.
17:00:36 INFO  : 'configparams force-mem-access 0' command is executed.
17:00:36 INFO  : ----------------XSDB Script----------------
connect -url tcp:127.0.0.1:3121
source E:/hw_des_II/item3/item3.sdk/item3_wrapper_hw_platform_0/ps7_init.tcl
targets -set -nocase -filter {name =~"APU*" && jtag_cable_name =~ "Digilent Zed 210248AA3BB1"} -index 0
loadhw -hw E:/hw_des_II/item3/item3.sdk/item3_wrapper_hw_platform_0/system.hdf -mem-ranges [list {0x40000000 0xbfffffff}]
configparams force-mem-access 1
targets -set -nocase -filter {name =~"APU*" && jtag_cable_name =~ "Digilent Zed 210248AA3BB1"} -index 0
stop
ps7_init
ps7_post_config
targets -set -nocase -filter {name =~ "ARM*#0" && jtag_cable_name =~ "Digilent Zed 210248AA3BB1"} -index 0
rst -processor
targets -set -nocase -filter {name =~ "ARM*#0" && jtag_cable_name =~ "Digilent Zed 210248AA3BB1"} -index 0
dow E:/hw_des_II/item3/item3.sdk/item3/Debug/item3.elf
configparams force-mem-access 0
----------------End of Script----------------

17:00:36 INFO  : Memory regions updated for context APU
17:00:36 INFO  : Context for processor 'ps7_cortexa9_0' is selected.
17:00:37 INFO  : 'con' command is executed.
17:00:37 INFO  : ----------------XSDB Script (After Launch)----------------
targets -set -nocase -filter {name =~ "ARM*#0" && jtag_cable_name =~ "Digilent Zed 210248AA3BB1"} -index 0
con
----------------End of Script----------------

17:00:37 INFO  : Launch script is exported to file 'E:\hw_des_II\item3\item3.sdk\.sdk\launch_scripts\xilinx_c-c++_application_(system_debugger)\system_debugger_using_debug_item3.elf_on_local.tcl'
17:01:00 INFO  : Disconnected from the channel tcfchan#5.
15:15:57 INFO  : Registering command handlers for SDK TCF services
15:15:58 INFO  : Launching XSCT server: xsct.bat -interactive E:\hw_des_II\item3\item3.sdk\temp_xsdb_launch_script.tcl
15:16:05 INFO  : XSCT server has started successfully.
15:16:05 INFO  : Successfully done setting XSCT server connection channel  
15:16:15 INFO  : Successfully done setting SDK workspace  
15:16:15 INFO  : Processing command line option -hwspec E:/hw_des_II/item3/item3.sdk/item3_wrapper.hdf.
15:16:15 INFO  : Checking for hwspec changes in the project item3_wrapper_hw_platform_0.
15:41:21 INFO  : Connected to target on host '127.0.0.1' and port '3121'.
15:41:21 INFO  : 'targets -set -filter {jtag_cable_name =~ "Digilent Zed 210248AA3BB1" && level==0} -index 1' command is executed.
15:41:24 INFO  : FPGA configured successfully with bitstream "E:/hw_des_II/item3/item3.sdk/item3_wrapper_hw_platform_0/item3_wrapper.bit"
15:42:29 INFO  : 'targets -set -filter {jtag_cable_name =~ "Digilent Zed 210248AA3BB1" && level==0} -index 1' command is executed.
15:42:29 INFO  : 'fpga -state' command is executed.
15:42:29 INFO  : Connected to target on host '127.0.0.1' and port '3121'.
15:42:30 INFO  : Jtag cable 'Digilent Zed 210248AA3BB1' is selected.
15:42:30 INFO  : 'jtag frequency' command is executed.
15:42:30 INFO  : Sourcing of 'E:/hw_des_II/item3/item3.sdk/item3_wrapper_hw_platform_0/ps7_init.tcl' is done.
15:42:30 INFO  : Context for 'APU' is selected.
15:42:30 INFO  : Hardware design information is loaded from 'E:/hw_des_II/item3/item3.sdk/item3_wrapper_hw_platform_0/system.hdf'.
15:42:30 INFO  : 'configparams force-mem-access 1' command is executed.
15:42:30 INFO  : Context for 'APU' is selected.
15:42:30 INFO  : 'stop' command is executed.
15:42:30 INFO  : 'ps7_init' command is executed.
15:42:30 INFO  : 'ps7_post_config' command is executed.
15:42:30 INFO  : Context for processor 'ps7_cortexa9_0' is selected.
15:42:30 INFO  : Processor reset is completed for 'ps7_cortexa9_0'.
15:42:30 INFO  : Context for processor 'ps7_cortexa9_0' is selected.
15:42:31 INFO  : The application 'E:/hw_des_II/item3/item3.sdk/item3/Debug/item3.elf' is downloaded to processor 'ps7_cortexa9_0'.
15:42:31 INFO  : 'configparams force-mem-access 0' command is executed.
15:42:31 INFO  : ----------------XSDB Script----------------
connect -url tcp:127.0.0.1:3121
source E:/hw_des_II/item3/item3.sdk/item3_wrapper_hw_platform_0/ps7_init.tcl
targets -set -nocase -filter {name =~"APU*" && jtag_cable_name =~ "Digilent Zed 210248AA3BB1"} -index 0
loadhw -hw E:/hw_des_II/item3/item3.sdk/item3_wrapper_hw_platform_0/system.hdf -mem-ranges [list {0x40000000 0xbfffffff}]
configparams force-mem-access 1
targets -set -nocase -filter {name =~"APU*" && jtag_cable_name =~ "Digilent Zed 210248AA3BB1"} -index 0
stop
ps7_init
ps7_post_config
targets -set -nocase -filter {name =~ "ARM*#0" && jtag_cable_name =~ "Digilent Zed 210248AA3BB1"} -index 0
rst -processor
targets -set -nocase -filter {name =~ "ARM*#0" && jtag_cable_name =~ "Digilent Zed 210248AA3BB1"} -index 0
dow E:/hw_des_II/item3/item3.sdk/item3/Debug/item3.elf
configparams force-mem-access 0
----------------End of Script----------------

15:42:31 INFO  : Memory regions updated for context APU
15:42:31 INFO  : Context for processor 'ps7_cortexa9_0' is selected.
15:42:31 INFO  : 'con' command is executed.
15:42:31 INFO  : ----------------XSDB Script (After Launch)----------------
targets -set -nocase -filter {name =~ "ARM*#0" && jtag_cable_name =~ "Digilent Zed 210248AA3BB1"} -index 0
con
----------------End of Script----------------

15:42:31 INFO  : Launch script is exported to file 'E:\hw_des_II\item3\item3.sdk\.sdk\launch_scripts\xilinx_c-c++_application_(system_debugger)\system_debugger_using_debug_item3.elf_on_local.tcl'
15:49:44 INFO  : Disconnected from the channel tcfchan#1.
15:49:46 INFO  : 'targets -set -filter {jtag_cable_name =~ "Digilent Zed 210248AA3BB1" && level==0} -index 1' command is executed.
15:49:46 INFO  : 'fpga -state' command is executed.
15:49:46 INFO  : Connected to target on host '127.0.0.1' and port '3121'.
15:49:46 INFO  : Jtag cable 'Digilent Zed 210248AA3BB1' is selected.
15:49:46 INFO  : 'jtag frequency' command is executed.
15:49:46 INFO  : Sourcing of 'E:/hw_des_II/item3/item3.sdk/item3_wrapper_hw_platform_0/ps7_init.tcl' is done.
15:49:46 INFO  : Context for 'APU' is selected.
15:49:47 INFO  : Hardware design information is loaded from 'E:/hw_des_II/item3/item3.sdk/item3_wrapper_hw_platform_0/system.hdf'.
15:49:47 INFO  : 'configparams force-mem-access 1' command is executed.
15:49:48 INFO  : Context for 'APU' is selected.
15:49:48 INFO  : 'stop' command is executed.
15:49:48 INFO  : 'ps7_init' command is executed.
15:49:48 INFO  : 'ps7_post_config' command is executed.
15:49:48 INFO  : Context for processor 'ps7_cortexa9_0' is selected.
15:49:48 INFO  : Processor reset is completed for 'ps7_cortexa9_0'.
15:49:48 INFO  : Context for processor 'ps7_cortexa9_0' is selected.
15:49:48 INFO  : The application 'E:/hw_des_II/item3/item3.sdk/item3/Debug/item3.elf' is downloaded to processor 'ps7_cortexa9_0'.
15:49:48 INFO  : 'configparams force-mem-access 0' command is executed.
15:49:48 INFO  : ----------------XSDB Script----------------
connect -url tcp:127.0.0.1:3121
source E:/hw_des_II/item3/item3.sdk/item3_wrapper_hw_platform_0/ps7_init.tcl
targets -set -nocase -filter {name =~"APU*" && jtag_cable_name =~ "Digilent Zed 210248AA3BB1"} -index 0
loadhw -hw E:/hw_des_II/item3/item3.sdk/item3_wrapper_hw_platform_0/system.hdf -mem-ranges [list {0x40000000 0xbfffffff}]
configparams force-mem-access 1
targets -set -nocase -filter {name =~"APU*" && jtag_cable_name =~ "Digilent Zed 210248AA3BB1"} -index 0
stop
ps7_init
ps7_post_config
targets -set -nocase -filter {name =~ "ARM*#0" && jtag_cable_name =~ "Digilent Zed 210248AA3BB1"} -index 0
rst -processor
targets -set -nocase -filter {name =~ "ARM*#0" && jtag_cable_name =~ "Digilent Zed 210248AA3BB1"} -index 0
dow E:/hw_des_II/item3/item3.sdk/item3/Debug/item3.elf
configparams force-mem-access 0
----------------End of Script----------------

15:49:48 INFO  : Memory regions updated for context APU
15:49:48 INFO  : Context for processor 'ps7_cortexa9_0' is selected.
15:49:48 INFO  : 'con' command is executed.
15:49:48 INFO  : ----------------XSDB Script (After Launch)----------------
targets -set -nocase -filter {name =~ "ARM*#0" && jtag_cable_name =~ "Digilent Zed 210248AA3BB1"} -index 0
con
----------------End of Script----------------

15:49:48 INFO  : Launch script is exported to file 'E:\hw_des_II\item3\item3.sdk\.sdk\launch_scripts\xilinx_c-c++_application_(system_debugger)\system_debugger_using_debug_item3.elf_on_local.tcl'
15:53:07 INFO  : Disconnected from the channel tcfchan#2.
15:53:08 INFO  : 'targets -set -filter {jtag_cable_name =~ "Digilent Zed 210248AA3BB1" && level==0} -index 1' command is executed.
15:53:08 INFO  : 'fpga -state' command is executed.
15:53:08 INFO  : Connected to target on host '127.0.0.1' and port '3121'.
15:53:08 INFO  : Jtag cable 'Digilent Zed 210248AA3BB1' is selected.
15:53:08 INFO  : 'jtag frequency' command is executed.
15:53:08 INFO  : Sourcing of 'E:/hw_des_II/item3/item3.sdk/item3_wrapper_hw_platform_0/ps7_init.tcl' is done.
15:53:08 INFO  : Context for 'APU' is selected.
15:53:10 INFO  : Hardware design information is loaded from 'E:/hw_des_II/item3/item3.sdk/item3_wrapper_hw_platform_0/system.hdf'.
15:53:10 INFO  : 'configparams force-mem-access 1' command is executed.
15:53:10 INFO  : Context for 'APU' is selected.
15:53:10 INFO  : 'stop' command is executed.
15:53:10 INFO  : 'ps7_init' command is executed.
15:53:10 INFO  : 'ps7_post_config' command is executed.
15:53:10 INFO  : Context for processor 'ps7_cortexa9_0' is selected.
15:53:11 INFO  : Processor reset is completed for 'ps7_cortexa9_0'.
15:53:11 INFO  : Context for processor 'ps7_cortexa9_0' is selected.
15:53:11 INFO  : The application 'E:/hw_des_II/item3/item3.sdk/item3/Debug/item3.elf' is downloaded to processor 'ps7_cortexa9_0'.
15:53:11 INFO  : 'configparams force-mem-access 0' command is executed.
15:53:11 INFO  : ----------------XSDB Script----------------
connect -url tcp:127.0.0.1:3121
source E:/hw_des_II/item3/item3.sdk/item3_wrapper_hw_platform_0/ps7_init.tcl
targets -set -nocase -filter {name =~"APU*" && jtag_cable_name =~ "Digilent Zed 210248AA3BB1"} -index 0
loadhw -hw E:/hw_des_II/item3/item3.sdk/item3_wrapper_hw_platform_0/system.hdf -mem-ranges [list {0x40000000 0xbfffffff}]
configparams force-mem-access 1
targets -set -nocase -filter {name =~"APU*" && jtag_cable_name =~ "Digilent Zed 210248AA3BB1"} -index 0
stop
ps7_init
ps7_post_config
targets -set -nocase -filter {name =~ "ARM*#0" && jtag_cable_name =~ "Digilent Zed 210248AA3BB1"} -index 0
rst -processor
targets -set -nocase -filter {name =~ "ARM*#0" && jtag_cable_name =~ "Digilent Zed 210248AA3BB1"} -index 0
dow E:/hw_des_II/item3/item3.sdk/item3/Debug/item3.elf
configparams force-mem-access 0
----------------End of Script----------------

15:53:11 INFO  : Memory regions updated for context APU
15:53:11 INFO  : Context for processor 'ps7_cortexa9_0' is selected.
15:53:11 INFO  : 'con' command is executed.
15:53:11 INFO  : ----------------XSDB Script (After Launch)----------------
targets -set -nocase -filter {name =~ "ARM*#0" && jtag_cable_name =~ "Digilent Zed 210248AA3BB1"} -index 0
con
----------------End of Script----------------

15:53:11 INFO  : Launch script is exported to file 'E:\hw_des_II\item3\item3.sdk\.sdk\launch_scripts\xilinx_c-c++_application_(system_debugger)\system_debugger_using_debug_item3.elf_on_local.tcl'
15:54:10 INFO  : Disconnected from the channel tcfchan#3.
15:54:11 INFO  : 'targets -set -filter {jtag_cable_name =~ "Digilent Zed 210248AA3BB1" && level==0} -index 1' command is executed.
15:54:11 INFO  : 'fpga -state' command is executed.
15:54:11 INFO  : Connected to target on host '127.0.0.1' and port '3121'.
15:54:12 INFO  : Jtag cable 'Digilent Zed 210248AA3BB1' is selected.
15:54:12 INFO  : 'jtag frequency' command is executed.
15:54:12 INFO  : Sourcing of 'E:/hw_des_II/item3/item3.sdk/item3_wrapper_hw_platform_0/ps7_init.tcl' is done.
15:54:12 INFO  : Context for 'APU' is selected.
15:54:13 INFO  : Hardware design information is loaded from 'E:/hw_des_II/item3/item3.sdk/item3_wrapper_hw_platform_0/system.hdf'.
15:54:13 INFO  : 'configparams force-mem-access 1' command is executed.
15:54:13 INFO  : Context for 'APU' is selected.
15:54:13 INFO  : 'stop' command is executed.
15:54:14 INFO  : 'ps7_init' command is executed.
15:54:14 INFO  : 'ps7_post_config' command is executed.
15:54:14 INFO  : Context for processor 'ps7_cortexa9_0' is selected.
15:54:14 INFO  : Processor reset is completed for 'ps7_cortexa9_0'.
15:54:14 INFO  : Context for processor 'ps7_cortexa9_0' is selected.
15:54:14 INFO  : The application 'E:/hw_des_II/item3/item3.sdk/item3/Debug/item3.elf' is downloaded to processor 'ps7_cortexa9_0'.
15:54:14 INFO  : 'configparams force-mem-access 0' command is executed.
15:54:14 INFO  : ----------------XSDB Script----------------
connect -url tcp:127.0.0.1:3121
source E:/hw_des_II/item3/item3.sdk/item3_wrapper_hw_platform_0/ps7_init.tcl
targets -set -nocase -filter {name =~"APU*" && jtag_cable_name =~ "Digilent Zed 210248AA3BB1"} -index 0
loadhw -hw E:/hw_des_II/item3/item3.sdk/item3_wrapper_hw_platform_0/system.hdf -mem-ranges [list {0x40000000 0xbfffffff}]
configparams force-mem-access 1
targets -set -nocase -filter {name =~"APU*" && jtag_cable_name =~ "Digilent Zed 210248AA3BB1"} -index 0
stop
ps7_init
ps7_post_config
targets -set -nocase -filter {name =~ "ARM*#0" && jtag_cable_name =~ "Digilent Zed 210248AA3BB1"} -index 0
rst -processor
targets -set -nocase -filter {name =~ "ARM*#0" && jtag_cable_name =~ "Digilent Zed 210248AA3BB1"} -index 0
dow E:/hw_des_II/item3/item3.sdk/item3/Debug/item3.elf
configparams force-mem-access 0
----------------End of Script----------------

15:54:14 INFO  : Memory regions updated for context APU
15:54:14 INFO  : Context for processor 'ps7_cortexa9_0' is selected.
15:54:14 INFO  : 'con' command is executed.
15:54:14 INFO  : ----------------XSDB Script (After Launch)----------------
targets -set -nocase -filter {name =~ "ARM*#0" && jtag_cable_name =~ "Digilent Zed 210248AA3BB1"} -index 0
con
----------------End of Script----------------

15:54:14 INFO  : Launch script is exported to file 'E:\hw_des_II\item3\item3.sdk\.sdk\launch_scripts\xilinx_c-c++_application_(system_debugger)\system_debugger_using_debug_item3.elf_on_local.tcl'
15:57:53 INFO  : Disconnected from the channel tcfchan#4.
15:57:55 INFO  : 'targets -set -filter {jtag_cable_name =~ "Digilent Zed 210248AA3BB1" && level==0} -index 1' command is executed.
15:57:55 INFO  : 'fpga -state' command is executed.
15:57:55 INFO  : Connected to target on host '127.0.0.1' and port '3121'.
15:57:55 INFO  : Jtag cable 'Digilent Zed 210248AA3BB1' is selected.
15:57:55 INFO  : 'jtag frequency' command is executed.
15:57:55 INFO  : Sourcing of 'E:/hw_des_II/item3/item3.sdk/item3_wrapper_hw_platform_0/ps7_init.tcl' is done.
15:57:55 INFO  : Context for 'APU' is selected.
15:57:56 INFO  : Hardware design information is loaded from 'E:/hw_des_II/item3/item3.sdk/item3_wrapper_hw_platform_0/system.hdf'.
15:57:56 INFO  : 'configparams force-mem-access 1' command is executed.
15:57:56 INFO  : Context for 'APU' is selected.
15:57:57 INFO  : 'stop' command is executed.
15:57:57 INFO  : 'ps7_init' command is executed.
15:57:57 INFO  : 'ps7_post_config' command is executed.
15:57:57 INFO  : Context for processor 'ps7_cortexa9_0' is selected.
15:57:57 INFO  : Processor reset is completed for 'ps7_cortexa9_0'.
15:57:57 INFO  : Context for processor 'ps7_cortexa9_0' is selected.
15:57:57 INFO  : The application 'E:/hw_des_II/item3/item3.sdk/item3/Debug/item3.elf' is downloaded to processor 'ps7_cortexa9_0'.
15:57:57 INFO  : 'configparams force-mem-access 0' command is executed.
15:57:57 INFO  : ----------------XSDB Script----------------
connect -url tcp:127.0.0.1:3121
source E:/hw_des_II/item3/item3.sdk/item3_wrapper_hw_platform_0/ps7_init.tcl
targets -set -nocase -filter {name =~"APU*" && jtag_cable_name =~ "Digilent Zed 210248AA3BB1"} -index 0
loadhw -hw E:/hw_des_II/item3/item3.sdk/item3_wrapper_hw_platform_0/system.hdf -mem-ranges [list {0x40000000 0xbfffffff}]
configparams force-mem-access 1
targets -set -nocase -filter {name =~"APU*" && jtag_cable_name =~ "Digilent Zed 210248AA3BB1"} -index 0
stop
ps7_init
ps7_post_config
targets -set -nocase -filter {name =~ "ARM*#0" && jtag_cable_name =~ "Digilent Zed 210248AA3BB1"} -index 0
rst -processor
targets -set -nocase -filter {name =~ "ARM*#0" && jtag_cable_name =~ "Digilent Zed 210248AA3BB1"} -index 0
dow E:/hw_des_II/item3/item3.sdk/item3/Debug/item3.elf
configparams force-mem-access 0
----------------End of Script----------------

15:57:57 INFO  : Memory regions updated for context APU
15:57:57 INFO  : Context for processor 'ps7_cortexa9_0' is selected.
15:57:57 INFO  : 'con' command is executed.
15:57:57 INFO  : ----------------XSDB Script (After Launch)----------------
targets -set -nocase -filter {name =~ "ARM*#0" && jtag_cable_name =~ "Digilent Zed 210248AA3BB1"} -index 0
con
----------------End of Script----------------

15:57:57 INFO  : Launch script is exported to file 'E:\hw_des_II\item3\item3.sdk\.sdk\launch_scripts\xilinx_c-c++_application_(system_debugger)\system_debugger_using_debug_item3.elf_on_local.tcl'
16:16:00 INFO  : Disconnected from the channel tcfchan#5.
16:20:44 INFO  : Registering command handlers for SDK TCF services
16:20:44 INFO  : Launching XSCT server: xsct.bat -interactive E:\hw_des_II\item3\item3.sdk\temp_xsdb_launch_script.tcl
16:20:46 INFO  : XSCT server has started successfully.
16:20:47 INFO  : Successfully done setting XSCT server connection channel  
16:20:47 INFO  : Successfully done setting SDK workspace  
16:20:47 INFO  : Processing command line option -hwspec E:/hw_des_II/item3/item3.sdk/item3_wrapper.hdf.
16:20:47 INFO  : Checking for hwspec changes in the project item3_wrapper_hw_platform_0.
16:22:34 INFO  : 'targets -set -filter {jtag_cable_name =~ "Digilent Zed 210248AA3BB1" && level==0} -index 1' command is executed.
16:22:34 INFO  : 'fpga -state' command is executed.
16:22:34 INFO  : Connected to target on host '127.0.0.1' and port '3121'.
16:22:34 INFO  : Jtag cable 'Digilent Zed 210248AA3BB1' is selected.
16:22:34 INFO  : 'jtag frequency' command is executed.
16:22:34 INFO  : Sourcing of 'E:/hw_des_II/item3/item3.sdk/item3_wrapper_hw_platform_0/ps7_init.tcl' is done.
16:22:34 INFO  : Context for 'APU' is selected.
16:22:34 INFO  : Hardware design information is loaded from 'E:/hw_des_II/item3/item3.sdk/item3_wrapper_hw_platform_0/system.hdf'.
16:22:34 INFO  : 'configparams force-mem-access 1' command is executed.
16:22:34 INFO  : Context for 'APU' is selected.
16:22:34 INFO  : 'stop' command is executed.
16:22:34 INFO  : 'ps7_init' command is executed.
16:22:34 INFO  : 'ps7_post_config' command is executed.
16:22:34 INFO  : Context for processor 'ps7_cortexa9_0' is selected.
16:22:35 INFO  : Processor reset is completed for 'ps7_cortexa9_0'.
16:22:35 INFO  : Context for processor 'ps7_cortexa9_0' is selected.
16:22:35 INFO  : The application 'E:/hw_des_II/item3/item3.sdk/item3/Debug/item3.elf' is downloaded to processor 'ps7_cortexa9_0'.
16:22:35 INFO  : 'configparams force-mem-access 0' command is executed.
16:22:35 INFO  : ----------------XSDB Script----------------
connect -url tcp:127.0.0.1:3121
source E:/hw_des_II/item3/item3.sdk/item3_wrapper_hw_platform_0/ps7_init.tcl
targets -set -nocase -filter {name =~"APU*" && jtag_cable_name =~ "Digilent Zed 210248AA3BB1"} -index 0
loadhw -hw E:/hw_des_II/item3/item3.sdk/item3_wrapper_hw_platform_0/system.hdf -mem-ranges [list {0x40000000 0xbfffffff}]
configparams force-mem-access 1
targets -set -nocase -filter {name =~"APU*" && jtag_cable_name =~ "Digilent Zed 210248AA3BB1"} -index 0
stop
ps7_init
ps7_post_config
targets -set -nocase -filter {name =~ "ARM*#0" && jtag_cable_name =~ "Digilent Zed 210248AA3BB1"} -index 0
rst -processor
targets -set -nocase -filter {name =~ "ARM*#0" && jtag_cable_name =~ "Digilent Zed 210248AA3BB1"} -index 0
dow E:/hw_des_II/item3/item3.sdk/item3/Debug/item3.elf
configparams force-mem-access 0
----------------End of Script----------------

16:22:35 INFO  : Memory regions updated for context APU
16:22:35 INFO  : Context for processor 'ps7_cortexa9_0' is selected.
16:22:35 INFO  : 'con' command is executed.
16:22:35 INFO  : ----------------XSDB Script (After Launch)----------------
targets -set -nocase -filter {name =~ "ARM*#0" && jtag_cable_name =~ "Digilent Zed 210248AA3BB1"} -index 0
con
----------------End of Script----------------

16:22:35 INFO  : Launch script is exported to file 'E:\hw_des_II\item3\item3.sdk\.sdk\launch_scripts\xilinx_c-c++_application_(system_debugger)\system_debugger_using_debug_item3.elf_on_local.tcl'
16:23:14 INFO  : Disconnected from the channel tcfchan#1.
