09:29:07 INFO  : Registering command handlers for SDK TCF services
09:29:08 INFO  : Launching XSCT server: xsct.bat -interactive C:\Users\lenovo\Desktop\Hardware\temp_xsdb_launch_script.tcl
09:29:10 INFO  : XSCT server has started successfully.
09:29:10 INFO  : Successfully done setting XSCT server connection channel  
09:29:10 INFO  : Successfully done setting SDK workspace  
09:29:10 INFO  : Processing command line option -hwspec C:/Users/lenovo/Desktop/Hardware.
09:29:10 ERROR : Error occurred while creating hardware platform Hardware_hw_platform_0 from sysdef
java.io.FileNotFoundException: C:\Users\lenovo\Desktop\Hardware (¾Ü¾ø·ÃÎÊ¡£)
	at java.io.FileInputStream.open0(Native Method)
	at java.io.FileInputStream.open(FileInputStream.java:195)
	at java.io.FileInputStream.<init>(FileInputStream.java:138)
	at java.io.FileInputStream.<init>(FileInputStream.java:93)
	at com.xilinx.sdk.hw.internal.HwProjectCreator.createHwProjectFromZip(HwProjectCreator.java:101)
	at com.xilinx.sdk.hw.HwProjectUtil.internalCreate(HwProjectUtil.java:278)
	at com.xilinx.sdk.hw.HwProjectUtil.makeNewHardwareProject(HwProjectUtil.java:222)
	at com.xilinx.sdk.hw.HwProjectUtil.makeNewHardwareProject(HwProjectUtil.java:209)
	at com.xilinx.sdk.hw.HwProjectUtil.makeNewHardwareProject(HwProjectUtil.java:183)
	at com.xilinx.sdk.startup.InitSDK.processHwSpecArgumentTask(InitSDK.java:517)
	at com.xilinx.sdk.startup.InitSDK.access$8(InitSDK.java:499)
	at com.xilinx.sdk.startup.InitSDK$12.run(InitSDK.java:449)
	at org.eclipse.core.internal.jobs.Worker.run(Worker.java:55)
09:29:10 ERROR : Unable to create Hardware Specification Project with specification file: C:/Users/lenovo/Desktop/Hardware
09:36:04 INFO  : Registering command handlers for SDK TCF services
09:36:05 INFO  : Launching XSCT server: xsct.bat -interactive C:\Users\lenovo\Desktop\Hardware\temp_xsdb_launch_script.tcl
09:36:07 INFO  : XSCT server has started successfully.
09:36:07 INFO  : Successfully done setting XSCT server connection channel  
09:36:07 INFO  : Successfully done setting SDK workspace  
09:36:07 INFO  : Processing command line option -hwspec C:/Users/lenovo/Desktop/Hardware.
09:36:07 ERROR : Error occurred while creating hardware platform Hardware_hw_platform_1 from sysdef
java.io.FileNotFoundException: C:\Users\lenovo\Desktop\Hardware (¾Ü¾ø·ÃÎÊ¡£)
	at java.io.FileInputStream.open0(Native Method)
	at java.io.FileInputStream.open(FileInputStream.java:195)
	at java.io.FileInputStream.<init>(FileInputStream.java:138)
	at java.io.FileInputStream.<init>(FileInputStream.java:93)
	at com.xilinx.sdk.hw.internal.HwProjectCreator.createHwProjectFromZip(HwProjectCreator.java:101)
	at com.xilinx.sdk.hw.HwProjectUtil.internalCreate(HwProjectUtil.java:278)
	at com.xilinx.sdk.hw.HwProjectUtil.makeNewHardwareProject(HwProjectUtil.java:222)
	at com.xilinx.sdk.hw.HwProjectUtil.makeNewHardwareProject(HwProjectUtil.java:209)
	at com.xilinx.sdk.hw.HwProjectUtil.makeNewHardwareProject(HwProjectUtil.java:183)
	at com.xilinx.sdk.startup.InitSDK.processHwSpecArgumentTask(InitSDK.java:517)
	at com.xilinx.sdk.startup.InitSDK.access$8(InitSDK.java:499)
	at com.xilinx.sdk.startup.InitSDK$12.run(InitSDK.java:449)
	at org.eclipse.core.internal.jobs.Worker.run(Worker.java:55)
09:36:07 ERROR : Unable to create Hardware Specification Project with specification file: C:/Users/lenovo/Desktop/Hardware
