#-----------------------------------------------------------
# Vivado v2019.1 (64-bit)
# SW Build 2552052 on Fri May 24 14:49:42 MDT 2019
# IP Build 2548770 on Fri May 24 18:01:18 MDT 2019
# Start of session at: Mon Dec 27 10:48:50 2021
# Process ID: 4468
# Current directory: C:/Users/lenovo/Desktop/PS918106840727
# Command line: vivado.exe -gui_launcher_event rodinguilauncherevent2676 C:\Users\lenovo\Desktop\PS918106840727\PS918106840727.xpr
# Log file: C:/Users/lenovo/Desktop/PS918106840727/vivado.log
# Journal file: C:/Users/lenovo/Desktop/PS918106840727\vivado.jou
#-----------------------------------------------------------
start_gui
open_project C:/Users/lenovo/Desktop/PS918106840727/PS918106840727.xpr
Scanning sources...
Finished scanning sources
INFO: [IP_Flow 19-234] Refreshing IP repositories
INFO: [IP_Flow 19-1704] No user IP repositories specified
INFO: [IP_Flow 19-2313] Loaded Vivado IP repository 'E:/Xilinx2019/Vivado/2019.1/data/ip'.
open_project: Time (s): cpu = 00:00:11 ; elapsed = 00:00:06 . Memory (MB): peak = 808.848 ; gain = 121.855
update_compile_order -fileset sources_1
export_ip_user_files -of_objects  [get_files C:/Users/lenovo/Desktop/PS918106840727/PS918106840727.srcs/sources_1/new/PS918106840727.v] -no_script -reset -force -quiet
remove_files  C:/Users/lenovo/Desktop/PS918106840727/PS918106840727.srcs/sources_1/new/PS918106840727.v
update_compile_order -fileset sources_1
file mkdir C:/Users/lenovo/Desktop/PS918106840727/PS918106840727.srcs/constrs_1
file mkdir C:/Users/lenovo/Desktop/PS918106840727/PS918106840727.srcs/constrs_1/new
close [ open C:/Users/lenovo/Desktop/PS918106840727/PS918106840727.srcs/constrs_1/new/PS918106840727.xdc w ]
add_files -fileset constrs_1 C:/Users/lenovo/Desktop/PS918106840727/PS918106840727.srcs/constrs_1/new/PS918106840727.xdc
reset_run synth_1
launch_runs impl_1 -to_step write_bitstream -jobs 2
[Mon Dec 27 11:21:05 2021] Launched synth_1...
Run output will be captured here: C:/Users/lenovo/Desktop/PS918106840727/PS918106840727.runs/synth_1/runme.log
[Mon Dec 27 11:21:05 2021] Launched impl_1...
Run output will be captured here: C:/Users/lenovo/Desktop/PS918106840727/PS918106840727.runs/impl_1/runme.log
open_run impl_1
INFO: [Device 21-403] Loading part xc7z020clg484-1
INFO: [Netlist 29-17] Analyzing 21 Unisim elements for replacement
INFO: [Netlist 29-28] Unisim Transformation completed in 0 CPU seconds
INFO: [Project 1-479] Netlist was created with Vivado 2019.1
INFO: [Project 1-570] Preparing netlist for logic optimization
INFO: [Timing 38-478] Restoring timing data from binary archive.
INFO: [Timing 38-479] Binary timing data restore complete.
INFO: [Project 1-856] Restoring constraints from binary archive.
INFO: [Project 1-853] Binary constraint restore complete.
Reading XDEF placement.
Reading placer database...
Reading XDEF routing.
Read XDEF File: Time (s): cpu = 00:00:01 ; elapsed = 00:00:00.243 . Memory (MB): peak = 1614.887 ; gain = 0.000
Restored from archive | CPU: 1.000000 secs | Memory: 0.000000 MB |
Finished XDEF File Restore: Time (s): cpu = 00:00:01 ; elapsed = 00:00:00.243 . Memory (MB): peak = 1614.887 ; gain = 0.000
Netlist sorting complete. Time (s): cpu = 00:00:00 ; elapsed = 00:00:00 . Memory (MB): peak = 1614.887 ; gain = 0.000
INFO: [Project 1-111] Unisim Transformation Summary:
  A total of 21 instances were transformed.
  IOBUF => IOBUF (IBUF, OBUFT): 21 instances

open_run: Time (s): cpu = 00:00:25 ; elapsed = 00:00:21 . Memory (MB): peak = 1733.520 ; gain = 896.137
file mkdir C:/Users/lenovo/Desktop/PS918106840727/PS918106840727.sdk
file copy -force C:/Users/lenovo/Desktop/PS918106840727/PS918106840727.runs/impl_1/PS918106840727_wrapper.sysdef C:/Users/lenovo/Desktop/PS918106840727/PS918106840727.sdk/PS918106840727_wrapper.hdf

launch_sdk -workspace C:/Users/lenovo/Desktop/PS918106840727/PS918106840727.sdk -hwspec C:/Users/lenovo/Desktop/PS918106840727/PS918106840727.sdk/PS918106840727_wrapper.hdf
INFO: [Vivado 12-393] Launching SDK...
INFO: [Vivado 12-417] Running xsdk -workspace C:/Users/lenovo/Desktop/PS918106840727/PS918106840727.sdk -hwspec C:/Users/lenovo/Desktop/PS918106840727/PS918106840727.sdk/PS918106840727_wrapper.hdf
INFO: [Vivado 12-3157] SDK launch initiated. Please check console for any further messages.
exit
INFO: [Common 17-206] Exiting Vivado at Mon Dec 27 16:55:31 2021...
