#-----------------------------------------------------------
# Vivado v2019.1 (64-bit)
# SW Build 2552052 on Fri May 24 14:49:42 MDT 2019
# IP Build 2548770 on Fri May 24 18:01:18 MDT 2019
# Start of session at: Thu Oct 28 17:26:55 2021
# Process ID: 10008
# Current directory: C:/Users/86198/Desktop/硬件课程设计2/item3（提供给学生的示例）
# Command line: vivado.exe -gui_launcher_event rodinguilauncherevent8896 C:\Users\86198\Desktop\硬件课程设计2\item3（提供给学生的示例）\item3.xpr
# Log file: C:/Users/86198/Desktop/硬件课程设计2/item3（提供给学生的示例）/vivado.log
# Journal file: C:/Users/86198/Desktop/硬件课程设计2/item3（提供给学生的示例）\vivado.jou
#-----------------------------------------------------------
start_gui
open_project C:/Users/86198/Desktop/硬件课程设计2/item3（提供给学生的示例）/item3.xpr
INFO: [Project 1-313] Project file moved from 'E:/hw_des_II/item3' since last save.
Scanning sources...
Finished scanning sources
INFO: [IP_Flow 19-234] Refreshing IP repositories
INFO: [IP_Flow 19-1704] No user IP repositories specified
INFO: [IP_Flow 19-2313] Loaded Vivado IP repository 'C:/Xilinx/Vivado/2019.1/data/ip'.
open_project: Time (s): cpu = 00:00:22 ; elapsed = 00:00:10 . Memory (MB): peak = 725.094 ; gain = 123.695
update_compile_order -fileset sources_1
exit
INFO: [Common 17-206] Exiting Vivado at Thu Oct 28 17:48:47 2021...
